Start testing: Dec 17 19:43 CST
----------------------------------------------------------
1/1 Testing: mytest1
1/1 Test: mytest1
Command: "/home/george/projects/BackUpSys/build/tests/test1"
Directory: /home/george/projects/BackUpSys/build/tests
"mytest1" start time: Dec 17 19:43 CST
Output:
----------------------------------------------------------
===============================================================================
All tests passed (1 assertion in 1 test case)

<end of output>
Test time =   0.02 sec
----------------------------------------------------------
Test Passed.
"mytest1" end time: Dec 17 19:43 CST
"mytest1" time elapsed: 00:00:00
----------------------------------------------------------

End testing: Dec 17 19:43 CST
